<?xml version="1.0" encoding="UTF-8"?>
<testsuite name="com.example.project.TestSpellChecker" tests="5" skipped="0" failures="0" errors="0" timestamp="2025-02-20T19:59:35" hostname="codespaces-bf77f2" time="1.025">
  <properties/>
  <testcase name="testLinearSearchInList()" classname="com.example.project.TestSpellChecker" time="0.07"/>
  <testcase name="testBinarySearchInList2()" classname="com.example.project.TestSpellChecker" time="0.008"/>
  <testcase name="testBinarySearchNotInList()" classname="com.example.project.TestSpellChecker" time="0.005"/>
  <testcase name="testLinearSearchNotInList()" classname="com.example.project.TestSpellChecker" time="0.016"/>
  <testcase name="testBinarySearchInList()" classname="com.example.project.TestSpellChecker" time="0.011"/>
  <system-out><![CDATA[
dictionary.txt file imported successfully and sorted!
-- LINEAR SEARCH: Number of words checked (loop iterations): 44357

dictionary.txt file imported successfully and sorted!
-- BINARY SEARCH: Number of words checked (loop iterations): 1

dictionary.txt file imported successfully and sorted!
-- BINARY SEARCH: Number of words checked (loop iterations): 17

dictionary.txt file imported successfully and sorted!
-- LINEAR SEARCH: Number of words checked (loop iterations): 127143

dictionary.txt file imported successfully and sorted!
-- BINARY SEARCH: Number of words checked (loop iterations): 16
]]></system-out>
  <system-err><![CDATA[]]></system-err>
</testsuite>
